#
# There is insufficient memory for the Java Runtime Environment to continue.
# Native memory allocation (mmap) failed to map 146800640 bytes for committing reserved memory.
# Possible reasons:
#   The system is out of physical RAM or swap space
#   In 32 bit mode, the process size limit was hit
# Possible solutions:
#   Reduce memory load on the system
#   Increase physical memory or swap space
#   Check if swap backing store is full
#   Use 64 bit Java on a 64 bit OS
#   Decrease Java heap size (-Xmx/-Xms)
#   Decrease number of Java threads
#   Decrease Java thread stack sizes (-Xss)
#   Set larger code cache with -XX:ReservedCodeCacheSize=
# This output file may be truncated or incomplete.
#
#  Out of Memory Error (os_linux.cpp:2627), pid=6667, tid=0x00007fec60809700
#
# JRE version: Java(TM) SE Runtime Environment (8.0_92-b14) (build 1.8.0_92-b14)
# Java VM: Java HotSpot(TM) 64-Bit Server VM (25.92-b14 mixed mode linux-amd64 compressed oops)
# Failed to write core dump. Core dumps have been disabled. To enable core dumping, try "ulimit -c unlimited" before starting Java again
#

---------------  T H R E A D  ---------------

Current thread (0x00007fec74078000):  VMThread [stack: 0x00007fec60709000,0x00007fec6080a000] [id=6682]

Stack: [0x00007fec60709000,0x00007fec6080a000],  sp=0x00007fec60807f60,  free space=1019k
Native frames: (J=compiled Java code, j=interpreted, Vv=VM code, C=native code)
V  [libjvm.so+0xabd65a]  VMError::report_and_die()+0x2ba
V  [libjvm.so+0x4fb4db]  report_vm_out_of_memory(char const*, int, unsigned long, VMErrorType, char const*)+0x8b
V  [libjvm.so+0x91d713]  os::Linux::commit_memory_impl(char*, unsigned long, bool)+0x103
V  [libjvm.so+0x91dc69]  os::pd_commit_memory(char*, unsigned long, unsigned long, bool)+0x29
V  [libjvm.so+0x917f6a]  os::commit_memory(char*, unsigned long, unsigned long, bool)+0x2a
V  [libjvm.so+0x98c343]  PSVirtualSpace::expand_by(unsigned long)+0x53
V  [libjvm.so+0x98d748]  PSYoungGen::resize_generation(unsigned long, unsigned long)+0xf8
V  [libjvm.so+0x98c8a2]  PSYoungGen::resize(unsigned long, unsigned long)+0x22
V  [libjvm.so+0x989b7b]  PSScavenge::invoke_no_policy()+0xf3b
V  [libjvm.so+0x98a301]  PSScavenge::invoke()+0x41
V  [libjvm.so+0x941410]  ParallelScavengeHeap::failed_mem_allocate(unsigned long)+0x70
V  [libjvm.so+0xabf077]  VM_ParallelGCFailedAllocation::doit()+0x97
V  [libjvm.so+0xac6aa5]  VM_Operation::evaluate()+0x55
V  [libjvm.so+0xac4e7a]  VMThread::evaluate_operation(VM_Operation*)+0xba
V  [libjvm.so+0xac51fe]  VMThread::loop()+0x1ce
V  [libjvm.so+0xac5670]  VMThread::run()+0x70
V  [libjvm.so+0x91fad8]  java_start(Thread*)+0x108

VM_Operation (0x00007fec4b68fe80): ParallelGCFailedAllocation, mode: safepoint, requested by thread 0x00007fec74138800


---------------  P R O C E S S  ---------------

Java Threads: ( => current thread )
  0x00007fec74138800 JavaThread "pool-1-thread-1" [_thread_blocked, id=6856, stack(0x00007fec4b591000,0x00007fec4b692000)]
  0x00007fec740c0000 JavaThread "Service Thread" daemon [_thread_blocked, id=6689, stack(0x00007fec60002000,0x00007fec60103000)]
  0x00007fec740bd000 JavaThread "C1 CompilerThread2" daemon [_thread_blocked, id=6688, stack(0x00007fec60103000,0x00007fec60204000)]
  0x00007fec740bb800 JavaThread "C2 CompilerThread1" daemon [_thread_blocked, id=6687, stack(0x00007fec60204000,0x00007fec60305000)]
  0x00007fec740b8800 JavaThread "C2 CompilerThread0" daemon [_thread_blocked, id=6686, stack(0x00007fec60305000,0x00007fec60406000)]
  0x00007fec740b7000 JavaThread "Signal Dispatcher" daemon [_thread_blocked, id=6685, stack(0x00007fec60406000,0x00007fec60507000)]
  0x00007fec74084000 JavaThread "Finalizer" daemon [_thread_blocked, id=6684, stack(0x00007fec60507000,0x00007fec60608000)]
  0x00007fec7407f800 JavaThread "Reference Handler" daemon [_thread_blocked, id=6683, stack(0x00007fec60608000,0x00007fec60709000)]
  0x00007fec7400a000 JavaThread "main" [_thread_blocked, id=6670, stack(0x00007fec7adbb000,0x00007fec7aebc000)]

Other Threads:
=>0x00007fec74078000 VMThread [stack: 0x00007fec60709000,0x00007fec6080a000] [id=6682]
  0x00007fec740c3000 WatcherThread [stack: 0x00007fec4b79c000,0x00007fec4b89d000] [id=6690]

VM state:at safepoint (normal execution)

VM Mutex/Monitor currently owned by a thread:  ([mutex/lock_event])
[0x00007fec74006590] Threads_lock - owner thread: 0x00007fec74078000
[0x00007fec74006a90] Heap_lock - owner thread: 0x00007fec74138800

Heap:
 PSYoungGen      total 140288K, used 14311K [0x00000000eab00000, 0x00000000f4300000, 0x0000000100000000)
  eden space 125952K, 0% used [0x00000000eab00000,0x00000000eab00000,0x00000000f2600000)
  from space 14336K, 99% used [0x00000000f2600000,0x00000000f33f9c20,0x00000000f3400000)
  to   space 13312K, 0% used [0x00000000f3400000,0x00000000f3400000,0x00000000f4100000)
 ParOldGen       total 42496K, used 35547K [0x00000000c0000000, 0x00000000c2980000, 0x00000000eab00000)
  object space 42496K, 83% used [0x00000000c0000000,0x00000000c22b6da8,0x00000000c2980000)
 Metaspace       used 6594K, capacity 7416K, committed 7680K, reserved 1056768K
  class space    used 632K, capacity 688K, committed 768K, reserved 1048576K

Card table byte_map: [0x00007fec64824000,0x00007fec64a25000] byte_map_base: 0x00007fec64224000

Marking Bits: (ParMarkBitMap*) 0x00007fec7a28f4c0
 Begin Bits: [0x00007fec623cb000, 0x00007fec633cb000)
 End Bits:   [0x00007fec633cb000, 0x00007fec643cb000)

Polling page: 0x00007fec7aed8000

CodeCache: size=245760Kb used=7790Kb max_used=7790Kb free=237969Kb
 bounds [0x00007fec64de5000, 0x00007fec65595000, 0x00007fec73de5000]
 total_blobs=2321 nmethods=2053 adapters=182
 compilation: enabled

Compilation events (10 events):
Event: 8.264 Thread 0x00007fec740bd000 nmethod 2276 0x00007fec65582b50 code [0x00007fec65582da0, 0x00007fec65583d68]
Event: 8.264 Thread 0x00007fec740bd000 2278       3       com.android.dx.dex.code.OutputFinisher::makeOpcodesArray (45 bytes)
Event: 8.264 Thread 0x00007fec740bd000 nmethod 2278 0x00007fec65584310 code [0x00007fec655844e0, 0x00007fec65584cf8]
Event: 8.264 Thread 0x00007fec740bd000 2279       3       com.android.dx.dex.code.OutputFinisher::massageInstructions (89 bytes)
Event: 8.265 Thread 0x00007fec740bd000 nmethod 2279 0x00007fec65585190 code [0x00007fec655853e0, 0x00007fec65586018]
Event: 8.266 Thread 0x00007fec740bd000 2236       2       com.android.dx.dex.code.form.Form22c::isCompatible (99 bytes)
Event: 8.267 Thread 0x00007fec740bd000 nmethod 2236 0x00007fec65565c90 code [0x00007fec65565e40, 0x00007fec65566248]
Event: 8.267 Thread 0x00007fec740bd000 2262       2       com.android.dx.dex.code.LocalStart::<init> (25 bytes)
Event: 8.267 Thread 0x00007fec740bd000 nmethod 2262 0x00007fec6555d510 code [0x00007fec6555d6a0, 0x00007fec6555d8f8]
Event: 8.267 Thread 0x00007fec740bd000 2270       2       com.android.dx.dex.code.TargetInsn::getTargetOffset (13 bytes)

GC Heap History (10 events):
Event: 1.966 GC heap after
Heap after GC invocations=2 (full 0):
 PSYoungGen      total 34304K, used 2545K [0x00000000eab00000, 0x00000000ecf00000, 0x0000000100000000)
  eden space 31744K, 0% used [0x00000000eab00000,0x00000000eab00000,0x00000000eca00000)
  from space 2560K, 99% used [0x00000000ecc80000,0x00000000ecefc6a8,0x00000000ecf00000)
  to   space 2560K, 0% used [0x00000000eca00000,0x00000000eca00000,0x00000000ecc80000)
 ParOldGen       total 42496K, used 2593K [0x00000000c0000000, 0x00000000c2980000, 0x00000000eab00000)
  object space 42496K, 6% used [0x00000000c0000000,0x00000000c0288578,0x00000000c2980000)
 Metaspace       used 5784K, capacity 6768K, committed 7040K, reserved 1056768K
  class space    used 593K, capacity 616K, committed 640K, reserved 1048576K
}
Event: 2.725 GC heap before
{Heap before GC invocations=3 (full 0):
 PSYoungGen      total 34304K, used 34289K [0x00000000eab00000, 0x00000000ecf00000, 0x0000000100000000)
  eden space 31744K, 100% used [0x00000000eab00000,0x00000000eca00000,0x00000000eca00000)
  from space 2560K, 99% used [0x00000000ecc80000,0x00000000ecefc6a8,0x00000000ecf00000)
  to   space 2560K, 0% used [0x00000000eca00000,0x00000000eca00000,0x00000000ecc80000)
 ParOldGen       total 42496K, used 2593K [0x00000000c0000000, 0x00000000c2980000, 0x00000000eab00000)
  object space 42496K, 6% used [0x00000000c0000000,0x00000000c0288578,0x00000000c2980000)
 Metaspace       used 5848K, capacity 6832K, committed 7040K, reserved 1056768K
  class space    used 593K, capacity 616K, committed 640K, reserved 1048576K
Event: 2.777 GC heap after
Heap after GC invocations=3 (full 0):
 PSYoungGen      total 34304K, used 2534K [0x00000000eab00000, 0x00000000eee00000, 0x0000000100000000)
  eden space 31744K, 0% used [0x00000000eab00000,0x00000000eab00000,0x00000000eca00000)
  from space 2560K, 99% used [0x00000000eca00000,0x00000000ecc79b30,0x00000000ecc80000)
  to   space 2560K, 0% used [0x00000000eeb80000,0x00000000eeb80000,0x00000000eee00000)
 ParOldGen       total 42496K, used 7877K [0x00000000c0000000, 0x00000000c2980000, 0x00000000eab00000)
  object space 42496K, 18% used [0x00000000c0000000,0x00000000c07b1540,0x00000000c2980000)
 Metaspace       used 5848K, capacity 6832K, committed 7040K, reserved 1056768K
  class space    used 593K, capacity 616K, committed 640K, reserved 1048576K
}
Event: 3.308 GC heap before
{Heap before GC invocations=4 (full 0):
 PSYoungGen      total 34304K, used 34278K [0x00000000eab00000, 0x00000000eee00000, 0x0000000100000000)
  eden space 31744K, 100% used [0x00000000eab00000,0x00000000eca00000,0x00000000eca00000)
  from space 2560K, 99% used [0x00000000eca00000,0x00000000ecc79b30,0x00000000ecc80000)
  to   space 2560K, 0% used [0x00000000eeb80000,0x00000000eeb80000,0x00000000eee00000)
 ParOldGen       total 42496K, used 7877K [0x00000000c0000000, 0x00000000c2980000, 0x00000000eab00000)
  object space 42496K, 18% used [0x00000000c0000000,0x00000000c07b1540,0x00000000c2980000)
 Metaspace       used 5897K, capacity 6896K, committed 7040K, reserved 1056768K
  class space    used 593K, capacity 616K, committed 640K, reserved 1048576K
Event: 3.365 GC heap after
Heap after GC invocations=4 (full 0):
 PSYoungGen      total 66048K, used 2532K [0x00000000eab00000, 0x00000000eee00000, 0x0000000100000000)
  eden space 63488K, 0% used [0x00000000eab00000,0x00000000eab00000,0x00000000ee900000)
  from space 2560K, 98% used [0x00000000eeb80000,0x00000000eedf93b8,0x00000000eee00000)
  to   space 2560K, 0% used [0x00000000ee900000,0x00000000ee900000,0x00000000eeb80000)
 ParOldGen       total 42496K, used 12926K [0x00000000c0000000, 0x00000000c2980000, 0x00000000eab00000)
  object space 42496K, 30% used [0x00000000c0000000,0x00000000c0c9fb38,0x00000000c2980000)
 Metaspace       used 5897K, capacity 6896K, committed 7040K, reserved 1056768K
  class space    used 593K, capacity 616K, committed 640K, reserved 1048576K
}
Event: 4.435 GC heap before
{Heap before GC invocations=5 (full 0):
 PSYoungGen      total 66048K, used 66020K [0x00000000eab00000, 0x00000000eee00000, 0x0000000100000000)
  eden space 63488K, 100% used [0x00000000eab00000,0x00000000ee900000,0x00000000ee900000)
  from space 2560K, 98% used [0x00000000eeb80000,0x00000000eedf93b8,0x00000000eee00000)
  to   space 2560K, 0% used [0x00000000ee900000,0x00000000ee900000,0x00000000eeb80000)
 ParOldGen       total 42496K, used 12926K [0x00000000c0000000, 0x00000000c2980000, 0x00000000eab00000)
  object space 42496K, 30% used [0x00000000c0000000,0x00000000c0c9fb38,0x00000000c2980000)
 Metaspace       used 5944K, capacity 6896K, committed 7040K, reserved 1056768K
  class space    used 594K, capacity 616K, committed 640K, reserved 1048576K
Event: 4.539 GC heap after
Heap after GC invocations=5 (full 0):
 PSYoungGen      total 66048K, used 2548K [0x00000000eab00000, 0x00000000f4100000, 0x0000000100000000)
  eden space 63488K, 0% used [0x00000000eab00000,0x00000000eab00000,0x00000000ee900000)
  from space 2560K, 99% used [0x00000000ee900000,0x00000000eeb7d328,0x00000000eeb80000)
  to   space 13312K, 0% used [0x00000000f3400000,0x00000000f3400000,0x00000000f4100000)
 ParOldGen       total 42496K, used 22365K [0x00000000c0000000, 0x00000000c2980000, 0x00000000eab00000)
  object space 42496K, 52% used [0x00000000c0000000,0x00000000c15d7638,0x00000000c2980000)
 Metaspace       used 5944K, capacity 6896K, committed 7040K, reserved 1056768K
  class space    used 594K, capacity 616K, committed 640K, reserved 1048576K
}
Event: 5.318 GC heap before
{Heap before GC invocations=6 (full 0):
 PSYoungGen      total 66048K, used 66036K [0x00000000eab00000, 0x00000000f4100000, 0x0000000100000000)
  eden space 63488K, 100% used [0x00000000eab00000,0x00000000ee900000,0x00000000ee900000)
  from space 2560K, 99% used [0x00000000ee900000,0x00000000eeb7d328,0x00000000eeb80000)
  to   space 13312K, 0% used [0x00000000f3400000,0x00000000f3400000,0x00000000f4100000)
 ParOldGen       total 42496K, used 22365K [0x00000000c0000000, 0x00000000c2980000, 0x00000000eab00000)
  object space 42496K, 52% used [0x00000000c0000000,0x00000000c15d7638,0x00000000c2980000)
 Metaspace       used 6162K, capacity 7064K, committed 7424K, reserved 1056768K
  class space    used 614K, capacity 656K, committed 768K, reserved 1048576K
Event: 5.344 GC heap after
Heap after GC invocations=6 (full 0):
 PSYoungGen      total 139264K, used 11056K [0x00000000eab00000, 0x00000000f4300000, 0x0000000100000000)
  eden space 125952K, 0% used [0x00000000eab00000,0x00000000eab00000,0x00000000f2600000)
  from space 13312K, 83% used [0x00000000f3400000,0x00000000f3ecc2b8,0x00000000f4100000)
  to   space 14336K, 0% used [0x00000000f2600000,0x00000000f2600000,0x00000000f3400000)
 ParOldGen       total 42496K, used 22373K [0x00000000c0000000, 0x00000000c2980000, 0x00000000eab00000)
  object space 42496K, 52% used [0x00000000c0000000,0x00000000c15d9638,0x00000000c2980000)
 Metaspace       used 6162K, capacity 7064K, committed 7424K, reserved 1056768K
  class space    used 614K, capacity 656K, committed 768K, reserved 1048576K
}
Event: 8.272 GC heap before
{Heap before GC invocations=7 (full 0):
 PSYoungGen      total 139264K, used 137008K [0x00000000eab00000, 0x00000000f4300000, 0x0000000100000000)
  eden space 125952K, 100% used [0x00000000eab00000,0x00000000f2600000,0x00000000f2600000)
  from space 13312K, 83% used [0x00000000f3400000,0x00000000f3ecc2b8,0x00000000f4100000)
  to   space 14336K, 0% used [0x00000000f2600000,0x00000000f2600000,0x00000000f3400000)
 ParOldGen       total 42496K, used 22373K [0x00000000c0000000, 0x00000000c2980000, 0x00000000eab00000)
  object space 42496K, 52% used [0x00000000c0000000,0x00000000c15d9638,0x00000000c2980000)
 Metaspace       used 6594K, capacity 7416K, committed 7680K, reserved 1056768K
  class space    used 632K, capacity 688K, committed 768K, reserved 1048576K

Deoptimization events (10 events):
Event: 6.619 Thread 0x00007fec74138800 Uncommon trap: reason=class_check action=maybe_recompile pc=0x00007fec651dd47c method=java.util.Arrays.hashCode([Ljava/lang/Object;)I @ 43
Event: 6.619 Thread 0x00007fec74138800 Uncommon trap: reason=class_check action=maybe_recompile pc=0x00007fec651dd47c method=java.util.Arrays.hashCode([Ljava/lang/Object;)I @ 43
Event: 6.619 Thread 0x00007fec74138800 Uncommon trap: reason=class_check action=maybe_recompile pc=0x00007fec651dd47c method=java.util.Arrays.hashCode([Ljava/lang/Object;)I @ 43
Event: 6.619 Thread 0x00007fec74138800 Uncommon trap: reason=class_check action=maybe_recompile pc=0x00007fec651bf6b4 method=java.util.Arrays.hashCode([Ljava/lang/Object;)I @ 43
Event: 7.872 Thread 0x00007fec74138800 Uncommon trap: reason=speculate_class_check action=maybe_recompile pc=0x00007fec65119820 method=com.android.dx.util.FixedSizeList.equals(Ljava/lang/Object;)Z @ 25
Event: 7.872 Thread 0x00007fec74138800 Uncommon trap: reason=unstable_if action=reinterpret pc=0x00007fec65112678 method=java.util.Arrays.equals([Ljava/lang/Object;[Ljava/lang/Object;)Z @ 23
Event: 8.038 Thread 0x00007fec74138800 Uncommon trap: reason=speculate_class_check action=maybe_recompile pc=0x00007fec65119820 method=com.android.dx.util.FixedSizeList.equals(Ljava/lang/Object;)Z @ 25
Event: 8.038 Thread 0x00007fec74138800 Uncommon trap: reason=speculate_class_check action=maybe_recompile pc=0x00007fec65119820 method=com.android.dx.util.FixedSizeList.equals(Ljava/lang/Object;)Z @ 25
Event: 8.038 Thread 0x00007fec74138800 Uncommon trap: reason=speculate_class_check action=maybe_recompile pc=0x00007fec65119820 method=com.android.dx.util.FixedSizeList.equals(Ljava/lang/Object;)Z @ 25
Event: 8.251 Thread 0x00007fec74138800 Uncommon trap: reason=unstable_if action=reinterpret pc=0x00007fec6551ed1c method=java.util.TreeMap.put(Ljava/lang/Object;Ljava/lang/Object;)Ljava/lang/Object; @ 163

Internal exceptions (6 events):
Event: 0.144 Thread 0x00007fec7400a000 Exception <a 'java/lang/NoSuchMethodError': Method sun.misc.Unsafe.defineClass(Ljava/lang/String;[BII)Ljava/lang/Class; name or signature does not match> (0x00000000eab07cc0) thrown at [/HUDSON/workspace/8-2-build-linux-amd64/jdk8u92/6642/hotspot/src/shar
Event: 0.144 Thread 0x00007fec7400a000 Exception <a 'java/lang/NoSuchMethodError': Method sun.misc.Unsafe.prefetchRead(Ljava/lang/Object;J)V name or signature does not match> (0x00000000eab07fa8) thrown at [/HUDSON/workspace/8-2-build-linux-amd64/jdk8u92/6642/hotspot/src/share/vm/prims/jni.cpp
Event: 2.035 Thread 0x00007fec74138800 Implicit null exception at 0x00007fec650c2cfd to 0x00007fec650c5c1d
Event: 4.783 Thread 0x00007fec7413f800 Exception <a 'java/lang/ArrayIndexOutOfBoundsException': 18> (0x00000000eb9cc828) thrown at [/HUDSON/workspace/8-2-build-linux-amd64/jdk8u92/6642/hotspot/src/share/vm/interpreter/interpreterRuntime.cpp, line 366]
Event: 4.785 Thread 0x00007fec7413f800 Exception <a 'java/lang/ArrayIndexOutOfBoundsException': 145> (0x00000000eb9ce3a8) thrown at [/HUDSON/workspace/8-2-build-linux-amd64/jdk8u92/6642/hotspot/src/share/vm/interpreter/interpreterRuntime.cpp, line 366]
Event: 4.795 Thread 0x00007fec7413f800 Exception <a 'java/lang/ArrayIndexOutOfBoundsException': 40> (0x00000000eb9cf690) thrown at [/HUDSON/workspace/8-2-build-linux-amd64/jdk8u92/6642/hotspot/src/share/vm/interpreter/interpreterRuntime.cpp, line 366]

Events (10 events):
Event: 8.196 Thread 0x00007fec74138800 DEOPT PACKING pc=0x00007fec6554fb9e sp=0x00007fec4b6901e0
Event: 8.196 Thread 0x00007fec74138800 DEOPT UNPACKING pc=0x00007fec64e2c633 sp=0x00007fec4b68ff88 mode 0
Event: 8.205 Thread 0x00007fec74138800 DEOPT PACKING pc=0x00007fec65543639 sp=0x00007fec4b6900c0
Event: 8.205 Thread 0x00007fec74138800 DEOPT UNPACKING pc=0x00007fec64e2c633 sp=0x00007fec4b68fe68 mode 0
Event: 8.251 Thread 0x00007fec74138800 Uncommon trap: trap_request=0xffffff65 fr.pc=0x00007fec6551ed1c
Event: 8.251 Thread 0x00007fec74138800 DEOPT PACKING pc=0x00007fec6551ed1c sp=0x00007fec4b6902a0
Event: 8.251 Thread 0x00007fec74138800 DEOPT UNPACKING pc=0x00007fec64dea229 sp=0x00007fec4b690260 mode 2
Event: 8.267 Thread 0x00007fec74138800 DEOPT PACKING pc=0x00007fec65529840 sp=0x00007fec4b690070
Event: 8.267 Thread 0x00007fec74138800 DEOPT UNPACKING pc=0x00007fec64e2c633 sp=0x00007fec4b68fe10 mode 0
Event: 8.271 Executing VM operation: ParallelGCFailedAllocation


Dynamic libraries:
00400000-00401000 r-xp 00000000 08:07 282256                             /usr/local/java/jdk1.8.0_92/bin/java
00600000-00601000 rw-p 00000000 08:07 282256                             /usr/local/java/jdk1.8.0_92/bin/java
01019000-0103a000 rw-p 00000000 00:00 0                                  [heap]
c0000000-c2980000 rw-p 00000000 00:00 0 
c2980000-eab00000 ---p 00000000 00:00 0 
eab00000-f4300000 rw-p 00000000 00:00 0 
fcf00000-100000000 ---p 00000000 00:00 0 
100000000-1000c0000 rw-p 00000000 00:00 0 
1000c0000-140000000 ---p 00000000 00:00 0 
7fec10000000-7fec10030000 rw-p 00000000 00:00 0 
7fec10030000-7fec14000000 ---p 00000000 00:00 0 
7fec18000000-7fec18021000 rw-p 00000000 00:00 0 
7fec18021000-7fec1c000000 ---p 00000000 00:00 0 
7fec1c000000-7fec1c02e000 rw-p 00000000 00:00 0 
7fec1c02e000-7fec20000000 ---p 00000000 00:00 0 
7fec20000000-7fec20028000 rw-p 00000000 00:00 0 
7fec20028000-7fec24000000 ---p 00000000 00:00 0 
7fec24000000-7fec24021000 rw-p 00000000 00:00 0 
7fec24021000-7fec28000000 ---p 00000000 00:00 0 
7fec28000000-7fec28021000 rw-p 00000000 00:00 0 
7fec28021000-7fec2c000000 ---p 00000000 00:00 0 
7fec2c000000-7fec2c021000 rw-p 00000000 00:00 0 
7fec2c021000-7fec30000000 ---p 00000000 00:00 0 
7fec30000000-7fec30b1c000 rw-p 00000000 00:00 0 
7fec30b1c000-7fec34000000 ---p 00000000 00:00 0 
7fec34000000-7fec34a7d000 rw-p 00000000 00:00 0 
7fec34a7d000-7fec38000000 ---p 00000000 00:00 0 
7fec38000000-7fec38021000 rw-p 00000000 00:00 0 
7fec38021000-7fec3c000000 ---p 00000000 00:00 0 
7fec3c000000-7fec3cb9a000 rw-p 00000000 00:00 0 
7fec3cb9a000-7fec40000000 ---p 00000000 00:00 0 
7fec40000000-7fec40021000 rw-p 00000000 00:00 0 
7fec40021000-7fec44000000 ---p 00000000 00:00 0 
7fec44000000-7fec44021000 rw-p 00000000 00:00 0 
7fec44021000-7fec48000000 ---p 00000000 00:00 0 
7fec4b28e000-7fec4b291000 ---p 00000000 00:00 0 
7fec4b291000-7fec4b38f000 rw-p 00000000 00:00 0 
7fec4b38f000-7fec4b392000 ---p 00000000 00:00 0 
7fec4b392000-7fec4b490000 rw-p 00000000 00:00 0 
7fec4b490000-7fec4b493000 ---p 00000000 00:00 0 
7fec4b493000-7fec4b591000 rw-p 00000000 00:00 0 
7fec4b591000-7fec4b594000 ---p 00000000 00:00 0 
7fec4b594000-7fec4b692000 rw-p 00000000 00:00 0                          [stack:6856]
7fec4b692000-7fec4b695000 ---p 00000000 00:00 0 
7fec4b695000-7fec4b793000 rw-p 00000000 00:00 0 
7fec4b79c000-7fec4b79d000 ---p 00000000 00:00 0 
7fec4b79d000-7fec4b89d000 rw-p 00000000 00:00 0                          [stack:6690]
7fec4b89d000-7fec4c000000 r--p 00000000 08:07 269361                     /usr/lib/locale/locale-archive
7fec4c000000-7fec4c021000 rw-p 00000000 00:00 0 
7fec4c021000-7fec50000000 ---p 00000000 00:00 0 
7fec50000000-7fec5028c000 rw-p 00000000 00:00 0 
7fec5028c000-7fec54000000 ---p 00000000 00:00 0 
7fec54000000-7fec54021000 rw-p 00000000 00:00 0 
7fec54021000-7fec58000000 ---p 00000000 00:00 0 
7fec58000000-7fec58021000 rw-p 00000000 00:00 0 
7fec58021000-7fec5c000000 ---p 00000000 00:00 0 
7fec5c000000-7fec5c021000 rw-p 00000000 00:00 0 
7fec5c021000-7fec60000000 ---p 00000000 00:00 0 
7fec60002000-7fec60005000 ---p 00000000 00:00 0 
7fec60005000-7fec60103000 rw-p 00000000 00:00 0                          [stack:6689]
7fec60103000-7fec60106000 ---p 00000000 00:00 0 
7fec60106000-7fec60204000 rw-p 00000000 00:00 0                          [stack:6688]
7fec60204000-7fec60207000 ---p 00000000 00:00 0 
7fec60207000-7fec60305000 rw-p 00000000 00:00 0                          [stack:6687]
7fec60305000-7fec60308000 ---p 00000000 00:00 0 
7fec60308000-7fec60406000 rw-p 00000000 00:00 0                          [stack:6686]
7fec60406000-7fec60409000 ---p 00000000 00:00 0 
7fec60409000-7fec60507000 rw-p 00000000 00:00 0                          [stack:6685]
7fec60507000-7fec6050a000 ---p 00000000 00:00 0 
7fec6050a000-7fec60608000 rw-p 00000000 00:00 0                          [stack:6684]
7fec60608000-7fec6060b000 ---p 00000000 00:00 0 
7fec6060b000-7fec60709000 rw-p 00000000 00:00 0                          [stack:6683]
7fec60709000-7fec6070a000 ---p 00000000 00:00 0 
7fec6070a000-7fec6177c000 rw-p 00000000 00:00 0                          [stack:6682]
7fec6177c000-7fec61955000 r--s 03d24000 08:07 283645                     /usr/local/java/jdk1.8.0_92/jre/lib/rt.jar
7fec61955000-7fec6208b000 rw-p 00000000 00:00 0 
7fec6208b000-7fec621cb000 ---p 00000000 00:00 0 
7fec621cb000-7fec643cb000 rw-p 00000000 00:00 0 
7fec643cb000-7fec643cc000 ---p 00000000 00:00 0 
7fec643cc000-7fec644cc000 rw-p 00000000 00:00 0                          [stack:6681]
7fec644cc000-7fec644cd000 ---p 00000000 00:00 0 
7fec644cd000-7fec645cd000 rw-p 00000000 00:00 0                          [stack:6680]
7fec645cd000-7fec645ce000 ---p 00000000 00:00 0 
7fec645ce000-7fec646e3000 rw-p 00000000 00:00 0                          [stack:6679]
7fec646e3000-7fec64824000 ---p 00000000 00:00 0 
7fec64824000-7fec64839000 rw-p 00000000 00:00 0 
7fec64839000-7fec64979000 ---p 00000000 00:00 0 
7fec64979000-7fec649c6000 rw-p 00000000 00:00 0 
7fec649c6000-7fec64a24000 ---p 00000000 00:00 0 
7fec64a24000-7fec64a44000 rw-p 00000000 00:00 0 
7fec64a44000-7fec64de5000 ---p 00000000 00:00 0 
7fec64de5000-7fec65595000 rwxp 00000000 00:00 0 
7fec65595000-7fec73de5000 ---p 00000000 00:00 0 
7fec73de5000-7fec73dff000 r-xp 00000000 08:07 283805                     /usr/local/java/jdk1.8.0_92/jre/lib/amd64/libzip.so
7fec73dff000-7fec73fff000 ---p 0001a000 08:07 283805                     /usr/local/java/jdk1.8.0_92/jre/lib/amd64/libzip.so
7fec73fff000-7fec74000000 rw-p 0001a000 08:07 283805                     /usr/local/java/jdk1.8.0_92/jre/lib/amd64/libzip.so
7fec74000000-7fec74390000 rw-p 00000000 00:00 0 
7fec74390000-7fec78000000 ---p 00000000 00:00 0 
7fec78001000-7fec78050000 rw-p 00000000 00:00 0 
7fec78050000-7fec78051000 ---p 00000000 00:00 0 
7fec78051000-7fec78151000 rw-p 00000000 00:00 0                          [stack:6675]
7fec78151000-7fec7815b000 r-xp 00000000 08:07 190902                     /lib/x86_64-linux-gnu/libnss_files-2.19.so
7fec7815b000-7fec7835b000 ---p 0000a000 08:07 190902                     /lib/x86_64-linux-gnu/libnss_files-2.19.so
7fec7835b000-7fec7835c000 r--p 0000a000 08:07 190902                     /lib/x86_64-linux-gnu/libnss_files-2.19.so
7fec7835c000-7fec7835d000 rw-p 0000b000 08:07 190902                     /lib/x86_64-linux-gnu/libnss_files-2.19.so
7fec7835d000-7fec78368000 r-xp 00000000 08:07 190894                     /lib/x86_64-linux-gnu/libnss_nis-2.19.so
7fec78368000-7fec78567000 ---p 0000b000 08:07 190894                     /lib/x86_64-linux-gnu/libnss_nis-2.19.so
7fec78567000-7fec78568000 r--p 0000a000 08:07 190894                     /lib/x86_64-linux-gnu/libnss_nis-2.19.so
7fec78568000-7fec78569000 rw-p 0000b000 08:07 190894                     /lib/x86_64-linux-gnu/libnss_nis-2.19.so
7fec78569000-7fec78580000 r-xp 00000000 08:07 138753                     /lib/x86_64-linux-gnu/libnsl-2.19.so
7fec78580000-7fec7877f000 ---p 00017000 08:07 138753                     /lib/x86_64-linux-gnu/libnsl-2.19.so
7fec7877f000-7fec78780000 r--p 00016000 08:07 138753                     /lib/x86_64-linux-gnu/libnsl-2.19.so
7fec78780000-7fec78781000 rw-p 00017000 08:07 138753                     /lib/x86_64-linux-gnu/libnsl-2.19.so
7fec78781000-7fec78783000 rw-p 00000000 00:00 0 
7fec78783000-7fec7878c000 r-xp 00000000 08:07 133542                     /lib/x86_64-linux-gnu/libnss_compat-2.19.so
7fec7878c000-7fec7898b000 ---p 00009000 08:07 133542                     /lib/x86_64-linux-gnu/libnss_compat-2.19.so
7fec7898b000-7fec7898c000 r--p 00008000 08:07 133542                     /lib/x86_64-linux-gnu/libnss_compat-2.19.so
7fec7898c000-7fec7898d000 rw-p 00009000 08:07 133542                     /lib/x86_64-linux-gnu/libnss_compat-2.19.so
7fec7898d000-7fec789b7000 r-xp 00000000 08:07 283800                     /usr/local/java/jdk1.8.0_92/jre/lib/amd64/libjava.so
7fec789b7000-7fec78bb7000 ---p 0002a000 08:07 283800                     /usr/local/java/jdk1.8.0_92/jre/lib/amd64/libjava.so
7fec78bb7000-7fec78bb9000 rw-p 0002a000 08:07 283800                     /usr/local/java/jdk1.8.0_92/jre/lib/amd64/libjava.so
7fec78bb9000-7fec78bc6000 r-xp 00000000 08:07 283804                     /usr/local/java/jdk1.8.0_92/jre/lib/amd64/libverify.so
7fec78bc6000-7fec78dc6000 ---p 0000d000 08:07 283804                     /usr/local/java/jdk1.8.0_92/jre/lib/amd64/libverify.so
7fec78dc6000-7fec78dc8000 rw-p 0000d000 08:07 283804                     /usr/local/java/jdk1.8.0_92/jre/lib/amd64/libverify.so
7fec78dc8000-7fec78dcf000 r-xp 00000000 08:07 190898                     /lib/x86_64-linux-gnu/librt-2.19.so
7fec78dcf000-7fec78fce000 ---p 00007000 08:07 190898                     /lib/x86_64-linux-gnu/librt-2.19.so
7fec78fce000-7fec78fcf000 r--p 00006000 08:07 190898                     /lib/x86_64-linux-gnu/librt-2.19.so
7fec78fcf000-7fec78fd0000 rw-p 00007000 08:07 190898                     /lib/x86_64-linux-gnu/librt-2.19.so
7fec78fd0000-7fec790d5000 r-xp 00000000 08:07 133504                     /lib/x86_64-linux-gnu/libm-2.19.so
7fec790d5000-7fec792d4000 ---p 00105000 08:07 133504                     /lib/x86_64-linux-gnu/libm-2.19.so
7fec792d4000-7fec792d5000 r--p 00104000 08:07 133504                     /lib/x86_64-linux-gnu/libm-2.19.so
7fec792d5000-7fec792d6000 rw-p 00105000 08:07 133504                     /lib/x86_64-linux-gnu/libm-2.19.so
7fec792d6000-7fec79f99000 r-xp 00000000 08:07 283783                     /usr/local/java/jdk1.8.0_92/jre/lib/amd64/server/libjvm.so
7fec79f99000-7fec7a198000 ---p 00cc3000 08:07 283783                     /usr/local/java/jdk1.8.0_92/jre/lib/amd64/server/libjvm.so
7fec7a198000-7fec7a271000 rw-p 00cc2000 08:07 283783                     /usr/local/java/jdk1.8.0_92/jre/lib/amd64/server/libjvm.so
7fec7a271000-7fec7a2bc000 rw-p 00000000 00:00 0 
7fec7a2bc000-7fec7a476000 r-xp 00000000 08:07 190899                     /lib/x86_64-linux-gnu/libc-2.19.so
7fec7a476000-7fec7a676000 ---p 001ba000 08:07 190899                     /lib/x86_64-linux-gnu/libc-2.19.so
7fec7a676000-7fec7a67a000 r--p 001ba000 08:07 190899                     /lib/x86_64-linux-gnu/libc-2.19.so
7fec7a67a000-7fec7a67c000 rw-p 001be000 08:07 190899                     /lib/x86_64-linux-gnu/libc-2.19.so
7fec7a67c000-7fec7a681000 rw-p 00000000 00:00 0 
7fec7a681000-7fec7a684000 r-xp 00000000 08:07 133536                     /lib/x86_64-linux-gnu/libdl-2.19.so
7fec7a684000-7fec7a883000 ---p 00003000 08:07 133536                     /lib/x86_64-linux-gnu/libdl-2.19.so
7fec7a883000-7fec7a884000 r--p 00002000 08:07 133536                     /lib/x86_64-linux-gnu/libdl-2.19.so
7fec7a884000-7fec7a885000 rw-p 00003000 08:07 133536                     /lib/x86_64-linux-gnu/libdl-2.19.so
7fec7a885000-7fec7a89a000 r-xp 00000000 08:07 283505                     /usr/local/java/jdk1.8.0_92/lib/amd64/jli/libjli.so
7fec7a89a000-7fec7aa9a000 ---p 00015000 08:07 283505                     /usr/local/java/jdk1.8.0_92/lib/amd64/jli/libjli.so
7fec7aa9a000-7fec7aa9b000 rw-p 00015000 08:07 283505                     /usr/local/java/jdk1.8.0_92/lib/amd64/jli/libjli.so
7fec7aa9b000-7fec7aab4000 r-xp 00000000 08:07 190891                     /lib/x86_64-linux-gnu/libpthread-2.19.so
7fec7aab4000-7fec7acb3000 ---p 00019000 08:07 190891                     /lib/x86_64-linux-gnu/libpthread-2.19.so
7fec7acb3000-7fec7acb4000 r--p 00018000 08:07 190891                     /lib/x86_64-linux-gnu/libpthread-2.19.so
7fec7acb4000-7fec7acb5000 rw-p 00019000 08:07 190891                     /lib/x86_64-linux-gnu/libpthread-2.19.so
7fec7acb5000-7fec7acb9000 rw-p 00000000 00:00 0 
7fec7acb9000-7fec7acdc000 r-xp 00000000 08:07 190892                     /lib/x86_64-linux-gnu/ld-2.19.so
7fec7ace1000-7fec7adbb000 rw-p 00000000 00:00 0 
7fec7adbb000-7fec7adbe000 ---p 00000000 00:00 0 
7fec7adbe000-7fec7aec0000 rw-p 00000000 00:00 0                          [stack:6670]
7fec7aec0000-7fec7aecf000 r--s 000df000 08:07 919652                     /home/xyntherys/Android/Sdk/build-tools/23.0.3/lib/dx.jar
7fec7aecf000-7fec7aed7000 rw-s 00000000 08:07 919868                     /tmp/hsperfdata_xyntherys/6667
7fec7aed7000-7fec7aed8000 rw-p 00000000 00:00 0 
7fec7aed8000-7fec7aed9000 ---p 00000000 00:00 0 
7fec7aed9000-7fec7aedb000 rw-p 00000000 00:00 0 
7fec7aedb000-7fec7aedc000 r--p 00022000 08:07 190892                     /lib/x86_64-linux-gnu/ld-2.19.so
7fec7aedc000-7fec7aedd000 rw-p 00023000 08:07 190892                     /lib/x86_64-linux-gnu/ld-2.19.so
7fec7aedd000-7fec7aede000 rw-p 00000000 00:00 0 
7fffc322f000-7fffc3251000 rw-p 00000000 00:00 0                          [stack]
7fffc32be000-7fffc32c0000 r-xp 00000000 00:00 0                          [vdso]
7fffc32c0000-7fffc32c2000 r--p 00000000 00:00 0                          [vvar]
ffffffffff600000-ffffffffff601000 r-xp 00000000 00:00 0                  [vsyscall]

VM Arguments:
jvm_args: -Djava.awt.headless=true -Xmx1024M -Dfile.encoding=UTF-8 -Duser.country=US -Duser.language=en -Duser.variant 
java_command: com.android.dx.command.Main --dex --force-jumbo --num-threads=4 --multi-dex --output /home/xyntherys/AndroidStudioProjects/MyApp/app/build/intermediates/transforms/dex/debug/folders/1000/10/com.android.support-appcompat-v7-23.4.0_980d51042b863a2bdeb5d47129214e4cd4ca7264 /home/xyntherys/AndroidStudioProjects/MyApp/app/build/intermediates/exploded-aar/com.android.support/appcompat-v7/23.4.0/jars/classes.jar
java_class_path (initial): /home/xyntherys/Android/Sdk/build-tools/23.0.3/lib/dx.jar
Launcher Type: SUN_STANDARD

Environment Variables:
JAVA_HOME=/usr/local/java/jdk1.8.0_92
JRE_HOME=/usr/local/java/jre1.8.0_92
PATH=/home/xyntherys/bin:/usr/local/sbin:/usr/local/bin:/usr/sbin:/usr/bin:/sbin:/bin:/usr/games:/usr/local/games:/usr/local/java/jre1.8.0_92/bin:/usr/local/java/jdk1.8.0_92/bin
LD_LIBRARY_PATH=.:
SHELL=/bin/bash
DISPLAY=:0

Signal Handlers:
SIGSEGV: [libjvm.so+0xabdee0], sa_mask[0]=11111111011111111101111111111110, sa_flags=SA_RESTART|SA_SIGINFO
SIGBUS: [libjvm.so+0xabdee0], sa_mask[0]=11111111011111111101111111111110, sa_flags=SA_RESTART|SA_SIGINFO
SIGFPE: [libjvm.so+0x91a580], sa_mask[0]=11111111011111111101111111111110, sa_flags=SA_RESTART|SA_SIGINFO
SIGPIPE: [libjvm.so+0x91a580], sa_mask[0]=11111111011111111101111111111110, sa_flags=SA_RESTART|SA_SIGINFO
SIGXFSZ: [libjvm.so+0x91a580], sa_mask[0]=11111111011111111101111111111110, sa_flags=SA_RESTART|SA_SIGINFO
SIGILL: [libjvm.so+0x91a580], sa_mask[0]=11111111011111111101111111111110, sa_flags=SA_RESTART|SA_SIGINFO
SIGUSR1: SIG_DFL, sa_mask[0]=00000000000000000000000000000000, sa_flags=none
SIGUSR2: [libjvm.so+0x91bbb0], sa_mask[0]=00100000000000000000000000000000, sa_flags=SA_RESTART|SA_SIGINFO
SIGHUP: [libjvm.so+0x91cfb0], sa_mask[0]=11111111011111111101111111111110, sa_flags=SA_RESTART|SA_SIGINFO
SIGINT: [libjvm.so+0x91cfb0], sa_mask[0]=11111111011111111101111111111110, sa_flags=SA_RESTART|SA_SIGINFO
SIGTERM: [libjvm.so+0x91cfb0], sa_mask[0]=11111111011111111101111111111110, sa_flags=SA_RESTART|SA_SIGINFO
SIGQUIT: [libjvm.so+0x91cfb0], sa_mask[0]=11111111011111111101111111111110, sa_flags=SA_RESTART|SA_SIGINFO


---------------  S Y S T E M  ---------------

OS:DISTRIB_ID=Ubuntu
DISTRIB_RELEASE=14.04
DISTRIB_CODENAME=trusty
DISTRIB_DESCRIPTION="Ubuntu 14.04.4 LTS"

uname:Linux 3.16.0-71-generic #92~14.04.1-Ubuntu SMP Thu May 12 23:31:46 UTC 2016 x86_64
libc:glibc 2.19 NPTL 2.19 
rlimit: STACK 8192k, CORE 0k, NPROC 15337, NOFILE 4096, AS infinity
load average:15.72 4.80 2.15

/proc/meminfo:
MemTotal:        3947728 kB
MemFree:          118956 kB
MemAvailable:      61112 kB
Buffers:             748 kB
Cached:           256120 kB
SwapCached:            0 kB
Active:          3416400 kB
Inactive:         236372 kB
Active(anon):    3410616 kB
Inactive(anon):   220508 kB
Active(file):       5784 kB
Inactive(file):    15864 kB
Unevictable:         184 kB
Mlocked:             184 kB
SwapTotal:             0 kB
SwapFree:              0 kB
Dirty:               380 kB
Writeback:             0 kB
AnonPages:       3396040 kB
Mapped:            91824 kB
Shmem:            235264 kB
Slab:              67540 kB
SReclaimable:      31604 kB
SUnreclaim:        35936 kB
KernelStack:       11552 kB
PageTables:        44168 kB
NFS_Unstable:          0 kB
Bounce:                0 kB
WritebackTmp:          0 kB
CommitLimit:     1973864 kB
Committed_AS:    8134836 kB
VmallocTotal:   34359738367 kB
VmallocUsed:      544140 kB
VmallocChunk:   34359150100 kB
HardwareCorrupted:     0 kB
AnonHugePages:    749568 kB
HugePages_Total:       0
HugePages_Free:        0
HugePages_Rsvd:        0
HugePages_Surp:        0
Hugepagesize:       2048 kB
DirectMap4k:       66300 kB
DirectMap2M:     4028416 kB


CPU:total 4 (2 cores per cpu, 2 threads per core) family 6 model 58 stepping 9, cmov, cx8, fxsr, mmx, sse, sse2, sse3, ssse3, sse4.1, sse4.2, popcnt, avx, aes, clmul, erms, ht, tsc, tscinvbit, tscinv

/proc/cpuinfo:
processor	: 0
vendor_id	: GenuineIntel
cpu family	: 6
model		: 58
model name	: Intel(R) Core(TM) i5-3210M CPU @ 2.50GHz
stepping	: 9
microcode	: 0x12
cpu MHz		: 1278.613
cache size	: 3072 KB
physical id	: 0
siblings	: 4
core id		: 0
cpu cores	: 2
apicid		: 0
initial apicid	: 0
fpu		: yes
fpu_exception	: yes
cpuid level	: 13
wp		: yes
flags		: fpu vme de pse tsc msr pae mce cx8 apic sep mtrr pge mca cmov pat pse36 clflush dts acpi mmx fxsr sse sse2 ss ht tm pbe syscall nx rdtscp lm constant_tsc arch_perfmon pebs bts rep_good nopl xtopology nonstop_tsc aperfmperf eagerfpu pni pclmulqdq dtes64 monitor ds_cpl vmx est tm2 ssse3 cx16 xtpr pdcm pcid sse4_1 sse4_2 x2apic popcnt tsc_deadline_timer aes xsave avx f16c rdrand lahf_lm ida arat epb xsaveopt pln pts dtherm tpr_shadow vnmi flexpriority ept vpid fsgsbase smep erms
bogomips	: 4988.62
clflush size	: 64
cache_alignment	: 64
address sizes	: 36 bits physical, 48 bits virtual
power management:

processor	: 1
vendor_id	: GenuineIntel
cpu family	: 6
model		: 58
model name	: Intel(R) Core(TM) i5-3210M CPU @ 2.50GHz
stepping	: 9
microcode	: 0x12
cpu MHz		: 1222.363
cache size	: 3072 KB
physical id	: 0
siblings	: 4
core id		: 0
cpu cores	: 2
apicid		: 1
initial apicid	: 1
fpu		: yes
fpu_exception	: yes
cpuid level	: 13
wp		: yes
flags		: fpu vme de pse tsc msr pae mce cx8 apic sep mtrr pge mca cmov pat pse36 clflush dts acpi mmx fxsr sse sse2 ss ht tm pbe syscall nx rdtscp lm constant_tsc arch_perfmon pebs bts rep_good nopl xtopology nonstop_tsc aperfmperf eagerfpu pni pclmulqdq dtes64 monitor ds_cpl vmx est tm2 ssse3 cx16 xtpr pdcm pcid sse4_1 sse4_2 x2apic popcnt tsc_deadline_timer aes xsave avx f16c rdrand lahf_lm ida arat epb xsaveopt pln pts dtherm tpr_shadow vnmi flexpriority ept vpid fsgsbase smep erms
bogomips	: 4988.62
clflush size	: 64
cache_alignment	: 64
address sizes	: 36 bits physical, 48 bits virtual
power management:

processor	: 2
vendor_id	: GenuineIntel
cpu family	: 6
model		: 58
model name	: Intel(R) Core(TM) i5-3210M CPU @ 2.50GHz
stepping	: 9
microcode	: 0x12
cpu MHz		: 1287.207
cache size	: 3072 KB
physical id	: 0
siblings	: 4
core id		: 1
cpu cores	: 2
apicid		: 2
initial apicid	: 2
fpu		: yes
fpu_exception	: yes
cpuid level	: 13
wp		: yes
flags		: fpu vme de pse tsc msr pae mce cx8 apic sep mtrr pge mca cmov pat pse36 clflush dts acpi mmx fxsr sse sse2 ss ht tm pbe syscall nx rdtscp lm constant_tsc arch_perfmon pebs bts rep_good nopl xtopology nonstop_tsc aperfmperf eagerfpu pni pclmulqdq dtes64 monitor ds_cpl vmx est tm2 ssse3 cx16 xtpr pdcm pcid sse4_1 sse4_2 x2apic popcnt tsc_deadline_timer aes xsave avx f16c rdrand lahf_lm ida arat epb xsaveopt pln pts dtherm tpr_shadow vnmi flexpriority ept vpid fsgsbase smep erms
bogomips	: 4988.62
clflush size	: 64
cache_alignment	: 64
address sizes	: 36 bits physical, 48 bits virtual
power management:

processor	: 3
vendor_id	: GenuineIntel
cpu family	: 6
model		: 58
model name	: Intel(R) Core(TM) i5-3210M CPU @ 2.50GHz
stepping	: 9
microcode	: 0x12
cpu MHz		: 1236.523
cache size	: 3072 KB
physical id	: 0
siblings	: 4
core id		: 1
cpu cores	: 2
apicid		: 3
initial apicid	: 3
fpu		: yes
fpu_exception	: yes
cpuid level	: 13
wp		: yes
flags		: fpu vme de pse tsc msr pae mce cx8 apic sep mtrr pge mca cmov pat pse36 clflush dts acpi mmx fxsr sse sse2 ss ht tm pbe syscall nx rdtscp lm constant_tsc arch_perfmon pebs bts rep_good nopl xtopology nonstop_tsc aperfmperf eagerfpu pni pclmulqdq dtes64 monitor ds_cpl vmx est tm2 ssse3 cx16 xtpr pdcm pcid sse4_1 sse4_2 x2apic popcnt tsc_deadline_timer aes xsave avx f16c rdrand lahf_lm ida arat epb xsaveopt pln pts dtherm tpr_shadow vnmi flexpriority ept vpid fsgsbase smep erms
bogomips	: 4988.62
clflush size	: 64
cache_alignment	: 64
address sizes	: 36 bits physical, 48 bits virtual
power management:



Memory: 4k page, physical 3947728k(109424k free), swap 0k(0k free)

vm_info: Java HotSpot(TM) 64-Bit Server VM (25.92-b14) for linux-amd64 JRE (1.8.0_92-b14), built on Mar 31 2016 21:08:29 by "java_re" with gcc 4.3.0 20080428 (Red Hat 4.3.0-8)

time: Thu May 26 13:49:48 2016
elapsed time: 41 seconds (0d 0h 0m 41s)

